<?xml version="1.0" encoding="UTF-8"?>
<testsuite xmlns:xsi="http://www.w3.org/2001/XMLSchema-instance" xsi:noNamespaceSchemaLocation="https://maven.apache.org/surefire/maven-surefire-plugin/xsd/surefire-test-report.xsd" name="org.elasticsearch.index.analysis.VietnameseAnalysisTests" time="0" tests="6" errors="0" skipped="6" failures="0">
  <properties>
[...]
</properties>
  <testcase name="org.elasticsearch.index.analysis.VietnameseAnalysisTests" classname="org.elasticsearch.index.analysis.VietnameseAnalysisTests" time="0">
    <skipped message="Leaked background threads present (zombies)."/>
  </testcase>
  <testcase name="testVietnameseAnalyzer" classname="org.elasticsearch.index.analysis.VietnameseAnalysisTests" time="0">
    <skipped/>
  </testcase>
  <testcase name="testVietnameseAnalysis" classname="org.elasticsearch.index.analysis.VietnameseAnalysisTests" time="0">
    <skipped/>
  </testcase>
  <testcase name="testCustomVietnameseAnalyzer" classname="org.elasticsearch.index.analysis.VietnameseAnalysisTests" time="0">
    <skipped/>
  </testcase>
  <testcase name="testVietnameseAnalyzerWithCustomTokenizer" classname="org.elasticsearch.index.analysis.VietnameseAnalysisTests" time="0">
    <skipped/>
  </testcase>
  <testcase name="testVietnameseTokenizer" classname="org.elasticsearch.index.analysis.VietnameseAnalysisTests" time="0">
    <skipped/>
  </testcase>
</testsuite>